2024-02-27 14:32:43,287 INFO o.a.j.u.JMeterUtils: Setting Locale to en_EN
2024-02-27 14:32:43,345 INFO o.a.j.JMeter: Loading user properties from: user.properties
2024-02-27 14:32:43,345 INFO o.a.j.JMeter: Loading system properties from: system.properties
2024-02-27 14:32:43,352 INFO o.a.j.JMeter: Copyright (c) 1998-2023 The Apache Software Foundation
2024-02-27 14:32:43,352 INFO o.a.j.JMeter: Version 5.6.2
2024-02-27 14:32:43,352 INFO o.a.j.JMeter: java.version=11.0.21
2024-02-27 14:32:43,352 INFO o.a.j.JMeter: java.vm.name=OpenJDK 64-Bit Server VM
2024-02-27 14:32:43,352 INFO o.a.j.JMeter: os.name=Linux
2024-02-27 14:32:43,353 INFO o.a.j.JMeter: os.arch=amd64
2024-02-27 14:32:43,353 INFO o.a.j.JMeter: os.version=5.15.0-94-generic
2024-02-27 14:32:43,353 INFO o.a.j.JMeter: file.encoding=UTF-8
2024-02-27 14:32:43,353 INFO o.a.j.JMeter: java.awt.headless=null
2024-02-27 14:32:43,353 INFO o.a.j.JMeter: Max memory     =1073741824
2024-02-27 14:32:43,353 INFO o.a.j.JMeter: Available Processors =6
2024-02-27 14:32:43,373 INFO o.a.j.JMeter: Default Locale=English (EN)
2024-02-27 14:32:43,374 INFO o.a.j.JMeter: JMeter  Locale=English (EN)
2024-02-27 14:32:43,374 INFO o.a.j.JMeter: JMeterHome=/home/plb/apache-jmeter-5.6.2
2024-02-27 14:32:43,374 INFO o.a.j.JMeter: user.dir  =/home/plb/apache-jmeter-5.6.2/bin
2024-02-27 14:32:43,374 INFO o.a.j.JMeter: PWD       =/home/plb/apache-jmeter-5.6.2/bin
2024-02-27 14:32:43,375 INFO o.a.j.JMeter: IP: 127.0.1.1 Name: plb FullName: plb
2024-02-27 14:32:43,389 INFO o.a.j.JMeter: Loaded icon properties from org/apache/jmeter/images/icon.properties
2024-02-27 14:32:43,773 INFO o.a.j.JMeterGuiLauncher: Setting LAF to: com.github.weisj.darklaf.DarkLaf:com.github.weisj.darklaf.theme.DarculaTheme
2024-02-27 14:33:13,428 INFO o.a.j.p.h.s.HTTPSamplerBase: Parser for text/html is org.apache.jmeter.protocol.http.parser.LagartoBasedHtmlParser
2024-02-27 14:33:13,429 INFO o.a.j.p.h.s.HTTPSamplerBase: Parser for application/xhtml+xml is org.apache.jmeter.protocol.http.parser.LagartoBasedHtmlParser
2024-02-27 14:33:13,429 INFO o.a.j.p.h.s.HTTPSamplerBase: Parser for application/xml is org.apache.jmeter.protocol.http.parser.LagartoBasedHtmlParser
2024-02-27 14:33:13,429 INFO o.a.j.p.h.s.HTTPSamplerBase: Parser for text/xml is org.apache.jmeter.protocol.http.parser.LagartoBasedHtmlParser
2024-02-27 14:33:13,429 INFO o.a.j.p.h.s.HTTPSamplerBase: Parser for text/vnd.wap.wml is org.apache.jmeter.protocol.http.parser.RegexpHTMLParser
2024-02-27 14:33:13,429 INFO o.a.j.p.h.s.HTTPSamplerBase: Parser for text/css is org.apache.jmeter.protocol.http.parser.CssParser
2024-02-27 14:33:53,289 INFO o.a.j.s.SampleResult: Note: Sample TimeStamps are START times
2024-02-27 14:33:53,289 INFO o.a.j.s.SampleResult: sampleresult.default.encoding is set to UTF-8
2024-02-27 14:33:53,289 INFO o.a.j.s.SampleResult: sampleresult.useNanoTime=true
2024-02-27 14:33:53,289 INFO o.a.j.s.SampleResult: sampleresult.nanoThreadSleep=5000
2024-02-27 14:34:30,772 INFO o.a.j.s.FileServer: Default base='/home/plb/apache-jmeter-5.6.2/bin'
2024-02-27 14:34:30,773 INFO o.a.j.s.FileServer: Set new base='/home/plb/apache-jmeter-5.6.2/bin'
2024-02-27 14:34:31,078 INFO o.a.j.s.SaveService: Testplan (JMX) version: 2.2. Testlog (JTL) version: 2.2
2024-02-27 14:34:31,117 INFO o.a.j.s.SaveService: Using SaveService properties version 5.0
2024-02-27 14:34:31,119 INFO o.a.j.s.SaveService: Using SaveService properties file encoding UTF-8
2024-02-27 14:34:34,129 INFO o.a.j.e.StandardJMeterEngine: Running the test!
2024-02-27 14:34:34,131 INFO o.a.j.s.SampleEvent: List of sample_variables: []
2024-02-27 14:34:34,131 INFO o.a.j.s.SampleEvent: List of sample_variables: []
2024-02-27 14:34:34,132 INFO o.a.j.e.u.CompoundVariable: Note: Function class names must contain the string: '.functions.'
2024-02-27 14:34:34,132 INFO o.a.j.e.u.CompoundVariable: Note: Function class names must not contain the string: '.gui.'
2024-02-27 14:34:34,432 INFO o.a.j.g.u.JMeterMenuBar: setRunning(true, *local*)
2024-02-27 14:34:34,461 INFO o.a.j.e.StandardJMeterEngine: Starting ThreadGroup: 1 : users
2024-02-27 14:34:34,462 INFO o.a.j.e.StandardJMeterEngine: Starting 10 threads for group users.
2024-02-27 14:34:34,462 INFO o.a.j.e.StandardJMeterEngine: Thread will continue on error
2024-02-27 14:34:34,462 INFO o.a.j.t.ThreadGroup: Starting thread group... number=1 threads=10 ramp-up=20 delayedStart=false
2024-02-27 14:34:34,473 INFO o.a.j.t.JMeterThread: Thread started: users 1-1
2024-02-27 14:34:34,485 INFO o.a.j.t.ThreadGroup: Started thread group number 1
2024-02-27 14:34:34,486 INFO o.a.j.e.StandardJMeterEngine: All thread groups have been started
2024-02-27 14:34:34,501 INFO o.a.j.p.h.s.HTTPHCAbstractImpl: Local host = plb
2024-02-27 14:34:34,509 INFO o.a.j.p.h.s.HTTPHC4Impl: HTTP request retry count = 0
2024-02-27 14:34:34,655 INFO o.a.j.p.h.s.h.LazyLayeredConnectionSocketFactory: Setting up HTTPS TrustAll Socket Factory
2024-02-27 14:34:34,659 INFO o.a.j.u.JsseSSLManager: Using default SSL protocol: TLS
2024-02-27 14:34:34,659 INFO o.a.j.u.JsseSSLManager: SSL session context: per-thread
2024-02-27 14:34:34,737 INFO o.a.j.u.SSLManager: JmeterKeyStore Location:  type JKS
2024-02-27 14:34:34,740 INFO o.a.j.u.SSLManager: KeyStore created OK
2024-02-27 14:34:34,740 WARN o.a.j.u.SSLManager: Keystore file not found, loading empty keystore
2024-02-27 14:34:35,006 INFO o.a.j.t.JMeterThread: Thread is done: users 1-1
2024-02-27 14:34:35,006 INFO o.a.j.t.JMeterThread: Thread finished: users 1-1
2024-02-27 14:34:36,467 INFO o.a.j.t.JMeterThread: Thread started: users 1-2
2024-02-27 14:34:36,550 INFO o.a.j.t.JMeterThread: Thread is done: users 1-2
2024-02-27 14:34:36,550 INFO o.a.j.t.JMeterThread: Thread finished: users 1-2
2024-02-27 14:34:38,474 INFO o.a.j.t.JMeterThread: Thread started: users 1-3
2024-02-27 14:34:38,550 INFO o.a.j.t.JMeterThread: Thread is done: users 1-3
2024-02-27 14:34:38,550 INFO o.a.j.t.JMeterThread: Thread finished: users 1-3
2024-02-27 14:34:40,466 INFO o.a.j.t.JMeterThread: Thread started: users 1-4
2024-02-27 14:34:40,537 INFO o.a.j.t.JMeterThread: Thread is done: users 1-4
2024-02-27 14:34:40,537 INFO o.a.j.t.JMeterThread: Thread finished: users 1-4
2024-02-27 14:34:42,464 INFO o.a.j.t.JMeterThread: Thread started: users 1-5
2024-02-27 14:34:42,560 INFO o.a.j.t.JMeterThread: Thread is done: users 1-5
2024-02-27 14:34:42,560 INFO o.a.j.t.JMeterThread: Thread finished: users 1-5
2024-02-27 14:34:44,466 INFO o.a.j.t.JMeterThread: Thread started: users 1-6
2024-02-27 14:34:44,540 INFO o.a.j.t.JMeterThread: Thread is done: users 1-6
2024-02-27 14:34:44,540 INFO o.a.j.t.JMeterThread: Thread finished: users 1-6
2024-02-27 14:34:46,468 INFO o.a.j.t.JMeterThread: Thread started: users 1-7
2024-02-27 14:34:46,539 INFO o.a.j.t.JMeterThread: Thread is done: users 1-7
2024-02-27 14:34:46,539 INFO o.a.j.t.JMeterThread: Thread finished: users 1-7
2024-02-27 14:34:48,467 INFO o.a.j.t.JMeterThread: Thread started: users 1-8
2024-02-27 14:34:48,543 INFO o.a.j.t.JMeterThread: Thread is done: users 1-8
2024-02-27 14:34:48,543 INFO o.a.j.t.JMeterThread: Thread finished: users 1-8
2024-02-27 14:34:50,469 INFO o.a.j.t.JMeterThread: Thread started: users 1-9
2024-02-27 14:34:50,538 INFO o.a.j.t.JMeterThread: Thread is done: users 1-9
2024-02-27 14:34:50,538 INFO o.a.j.t.JMeterThread: Thread finished: users 1-9
2024-02-27 14:34:52,488 INFO o.a.j.t.JMeterThread: Thread started: users 1-10
2024-02-27 14:34:52,562 INFO o.a.j.t.JMeterThread: Thread is done: users 1-10
2024-02-27 14:34:52,562 INFO o.a.j.t.JMeterThread: Thread finished: users 1-10
2024-02-27 14:34:52,563 INFO o.a.j.e.StandardJMeterEngine: Notifying test listeners of end of test
2024-02-27 14:34:52,564 INFO o.a.j.g.u.JMeterMenuBar: setRunning(false, *local*)
2024-02-27 14:36:39,992 INFO o.a.j.e.StandardJMeterEngine: Running the test!
2024-02-27 14:36:39,993 INFO o.a.j.s.SampleEvent: List of sample_variables: []
2024-02-27 14:36:39,997 INFO o.a.j.g.u.JMeterMenuBar: setRunning(true, *local*)
2024-02-27 14:36:40,015 INFO o.a.j.e.StandardJMeterEngine: Starting ThreadGroup: 1 : users
2024-02-27 14:36:40,015 INFO o.a.j.e.StandardJMeterEngine: Starting 10 threads for group users.
2024-02-27 14:36:40,015 INFO o.a.j.e.StandardJMeterEngine: Thread will continue on error
2024-02-27 14:36:40,015 INFO o.a.j.t.ThreadGroup: Starting thread group... number=1 threads=10 ramp-up=20 delayedStart=false
2024-02-27 14:36:40,026 INFO o.a.j.t.ThreadGroup: Started thread group number 1
2024-02-27 14:36:40,026 INFO o.a.j.e.StandardJMeterEngine: All thread groups have been started
2024-02-27 14:36:40,029 INFO o.a.j.t.JMeterThread: Thread started: users 1-1
2024-02-27 14:36:40,164 INFO o.a.j.t.JMeterThread: Thread is done: users 1-1
2024-02-27 14:36:40,165 INFO o.a.j.t.JMeterThread: Thread finished: users 1-1
2024-02-27 14:36:42,029 INFO o.a.j.t.JMeterThread: Thread started: users 1-2
2024-02-27 14:36:42,108 INFO o.a.j.t.JMeterThread: Thread is done: users 1-2
2024-02-27 14:36:42,109 INFO o.a.j.t.JMeterThread: Thread finished: users 1-2
2024-02-27 14:36:44,032 INFO o.a.j.t.JMeterThread: Thread started: users 1-3
2024-02-27 14:36:44,114 INFO o.a.j.t.JMeterThread: Thread is done: users 1-3
2024-02-27 14:36:44,114 INFO o.a.j.t.JMeterThread: Thread finished: users 1-3
2024-02-27 14:36:46,032 INFO o.a.j.t.JMeterThread: Thread started: users 1-4
2024-02-27 14:36:46,114 INFO o.a.j.t.JMeterThread: Thread is done: users 1-4
2024-02-27 14:36:46,114 INFO o.a.j.t.JMeterThread: Thread finished: users 1-4
2024-02-27 14:36:48,022 INFO o.a.j.t.JMeterThread: Thread started: users 1-5
2024-02-27 14:36:48,099 INFO o.a.j.t.JMeterThread: Thread is done: users 1-5
2024-02-27 14:36:48,099 INFO o.a.j.t.JMeterThread: Thread finished: users 1-5
2024-02-27 14:36:50,026 INFO o.a.j.t.JMeterThread: Thread started: users 1-6
2024-02-27 14:36:50,101 INFO o.a.j.t.JMeterThread: Thread is done: users 1-6
2024-02-27 14:36:50,101 INFO o.a.j.t.JMeterThread: Thread finished: users 1-6
2024-02-27 14:36:52,028 INFO o.a.j.t.JMeterThread: Thread started: users 1-7
2024-02-27 14:36:52,102 INFO o.a.j.t.JMeterThread: Thread is done: users 1-7
2024-02-27 14:36:52,102 INFO o.a.j.t.JMeterThread: Thread finished: users 1-7
2024-02-27 14:36:54,019 INFO o.a.j.t.JMeterThread: Thread started: users 1-8
2024-02-27 14:36:54,090 INFO o.a.j.t.JMeterThread: Thread is done: users 1-8
2024-02-27 14:36:54,090 INFO o.a.j.t.JMeterThread: Thread finished: users 1-8
2024-02-27 14:36:56,022 INFO o.a.j.t.JMeterThread: Thread started: users 1-9
2024-02-27 14:36:56,090 INFO o.a.j.t.JMeterThread: Thread is done: users 1-9
2024-02-27 14:36:56,090 INFO o.a.j.t.JMeterThread: Thread finished: users 1-9
2024-02-27 14:36:58,019 INFO o.a.j.t.JMeterThread: Thread started: users 1-10
2024-02-27 14:36:58,094 INFO o.a.j.t.JMeterThread: Thread is done: users 1-10
2024-02-27 14:36:58,094 INFO o.a.j.t.JMeterThread: Thread finished: users 1-10
2024-02-27 14:36:58,095 INFO o.a.j.e.StandardJMeterEngine: Notifying test listeners of end of test
2024-02-27 14:36:58,095 INFO o.a.j.g.u.JMeterMenuBar: setRunning(false, *local*)
